<?xml version="1.0" encoding="UTF-8"?>
<!-- Generated by org.testng.reporters.JUnitXMLReporter -->
<testsuite hostname="DESKTOP-EULO2S6" ignored="5" name="Redmi 5A" tests="3" failures="2" timestamp="2022-05-15T18:49:46 IST" time="1190.082" errors="0">
  <testcase name="invalidUserName" time="387.663" classname="com.qa.tests.LoginTests"/>
  <testcase name="validateProductOnProductDetailsPage" time="772.47" classname="com.qa.tests.ProductTests">
    <failure type="org.openqa.selenium.StaleElementReferenceException" message="The element &amp;apos;By.xpath: //android.view.ViewGroup[@content-desc=&amp;quot;test-Menu&amp;quot;]/android.view.ViewGroup/android.widget.ImageView&amp;apos; does not exist in DOM anymore
For documentation on this error, please visit: https://www.seleniumhq.org/exceptions/stale_element_reference.html
Build info: version: &amp;apos;3.141.59&amp;apos;, revision: &amp;apos;e82be7d358&amp;apos;, time: &amp;apos;2018-11-14T08:17:03&amp;apos;
System info: host: &amp;apos;DESKTOP-EULO2S6&amp;apos;, ip: &amp;apos;192.168.1.4&amp;apos;, os.name: &amp;apos;Windows 10&amp;apos;, os.arch: &amp;apos;amd64&amp;apos;, os.version: &amp;apos;10.0&amp;apos;, java.version: &amp;apos;1.8.0_321&amp;apos;
Driver info: io.appium.java_client.android.AndroidDriver
Capabilities {appActivity: com.swaglabsmobileapp.Splas..., appPackage: com.swaglabsmobileapp, chromeDriverPort: 10001, databaseEnabled: false, desired: {appActivity: com.swaglabsmobileapp.Splas..., appPackage: com.swaglabsmobileapp, chromeDriverPort: 10001, deviceName: Redmi 5A, platformName: android, platformVersion: 8.1.0, systemPort: 11001, udid: 199088987d05}, deviceApiLevel: 27, deviceManufacturer: Xiaomi, deviceModel: Redmi 5A, deviceName: 199088987d05, deviceScreenDensity: 320, deviceScreenSize: 720x1280, deviceUDID: 199088987d05, javascriptEnabled: true, locationContextEnabled: false, networkConnectionEnabled: true, pixelRatio: 2, platform: LINUX, platformName: Android, platformVersion: 8.1.0, statBarHeight: 50, systemPort: 11001, takesScreenshot: true, udid: 199088987d05, viewportRect: {height: 1230, left: 0, top: 50, width: 720}, warnings: {}, webStorageEnabled: false}
Session ID: 1407f4c0-7334-44af-a57a-044985ee51e6">
      <![CDATA[org.openqa.selenium.StaleElementReferenceException: The element 'By.xpath: //android.view.ViewGroup[@content-desc="test-Menu"]/android.view.ViewGroup/android.widget.ImageView' does not exist in DOM anymore
For documentation on this error, please visit: https://www.seleniumhq.org/exceptions/stale_element_reference.html
Build info: version: '3.141.59', revision: 'e82be7d358', time: '2018-11-14T08:17:03'
System info: host: 'DESKTOP-EULO2S6', ip: '192.168.1.4', os.name: 'Windows 10', os.arch: 'amd64', os.version: '10.0', java.version: '1.8.0_321'
Driver info: io.appium.java_client.android.AndroidDriver
Capabilities {appActivity: com.swaglabsmobileapp.Splas..., appPackage: com.swaglabsmobileapp, chromeDriverPort: 10001, databaseEnabled: false, desired: {appActivity: com.swaglabsmobileapp.Splas..., appPackage: com.swaglabsmobileapp, chromeDriverPort: 10001, deviceName: Redmi 5A, platformName: android, platformVersion: 8.1.0, systemPort: 11001, udid: 199088987d05}, deviceApiLevel: 27, deviceManufacturer: Xiaomi, deviceModel: Redmi 5A, deviceName: 199088987d05, deviceScreenDensity: 320, deviceScreenSize: 720x1280, deviceUDID: 199088987d05, javascriptEnabled: true, locationContextEnabled: false, networkConnectionEnabled: true, pixelRatio: 2, platform: LINUX, platformName: Android, platformVersion: 8.1.0, statBarHeight: 50, systemPort: 11001, takesScreenshot: true, udid: 199088987d05, viewportRect: {height: 1230, left: 0, top: 50, width: 720}, warnings: {}, webStorageEnabled: false}
Session ID: 1407f4c0-7334-44af-a57a-044985ee51e6
at org.openqa.selenium.remote.http.W3CHttpResponseCodec.createException(W3CHttpResponseCodec.java:187)
at org.openqa.selenium.remote.http.W3CHttpResponseCodec.decode(W3CHttpResponseCodec.java:122)
at org.openqa.selenium.remote.http.W3CHttpResponseCodec.decode(W3CHttpResponseCodec.java:49)
at org.openqa.selenium.remote.HttpCommandExecutor.execute(HttpCommandExecutor.java:158)
at io.appium.java_client.remote.AppiumCommandExecutor.execute(AppiumCommandExecutor.java:239)
at org.openqa.selenium.remote.RemoteWebDriver.execute(RemoteWebDriver.java:552)
at io.appium.java_client.DefaultGenericMobileDriver.execute(DefaultGenericMobileDriver.java:41)
at io.appium.java_client.AppiumDriver.execute(AppiumDriver.java:1)
at io.appium.java_client.android.AndroidDriver.execute(AndroidDriver.java:1)
at org.openqa.selenium.remote.RemoteWebElement.execute(RemoteWebElement.java:285)
at io.appium.java_client.DefaultGenericMobileElement.execute(DefaultGenericMobileElement.java:45)
at io.appium.java_client.MobileElement.execute(MobileElement.java:1)
at io.appium.java_client.android.AndroidElement.execute(AndroidElement.java:1)
at org.openqa.selenium.remote.RemoteWebElement.click(RemoteWebElement.java:84)
at io.appium.java_client.pagefactory.ElementInterceptor.getObject(ElementInterceptor.java:40)
at io.appium.java_client.pagefactory.interceptors.InterceptorOfASingleElement.intercept(InterceptorOfASingleElement.java:60)
at io.appium.java_client.android.AndroidElement$$EnhancerByCGLIB$$b598166c.click(<generated>)
at com.qa.BaseTest.click(BaseTest.java:226)
at com.qa.MenuPage.pressSettingsBtn(MenuPage.java:14)
at com.qa.tests.ProductTests.validateProductOnProductDetailsPage(ProductTests.java:112)
at java.util.ArrayList.forEach(ArrayList.java:1259)
at java.util.concurrent.FutureTask.run(FutureTask.java:266)
at java.util.concurrent.ThreadPoolExecutor.runWorker(ThreadPoolExecutor.java:1149)
at java.util.concurrent.ThreadPoolExecutor$Worker.run(ThreadPoolExecutor.java:624)
at java.lang.Thread.run(Thread.java:750)
... Removed 26 stack frames]]>
    </failure>
  </testcase> <!-- validateProductOnProductDetailsPage -->
  <testcase name="validateProductOnProductDetailsPage" time="773.549" classname="com.qa.tests.ProductTests">
    <failure type="java.lang.NullPointerException">
      <![CDATA[java.lang.NullPointerException
at com.qa.listeners.TestListener.onTestFailure(TestListener.java:29)
at java.util.ArrayList.forEach(ArrayList.java:1259)
at java.util.concurrent.FutureTask.run(FutureTask.java:266)
at java.util.concurrent.ThreadPoolExecutor.runWorker(ThreadPoolExecutor.java:1149)
at java.util.concurrent.ThreadPoolExecutor$Worker.run(ThreadPoolExecutor.java:624)
at java.lang.Thread.run(Thread.java:750)
... Removed 15 stack frames]]>
    </failure>
  </testcase> <!-- validateProductOnProductDetailsPage -->
  <testcase name="@AfterTest afterTest" time="0.0" classname="com.qa.BaseTest">
    <ignored/>
  </testcase> <!-- @AfterTest afterTest -->
  <testcase name="successFulLogin" time="0.0" classname="com.qa.tests.LoginTests">
    <ignored/>
  </testcase> <!-- successFulLogin -->
  <testcase name="@BeforeTest beforeTest" time="0.0" classname="com.qa.BaseTest">
    <ignored/>
  </testcase> <!-- @BeforeTest beforeTest -->
  <testcase name="validateProductOnProductsPage" time="0.0" classname="com.qa.tests.ProductTests">
    <ignored/>
  </testcase> <!-- validateProductOnProductsPage -->
  <testcase name="invalidPassword" time="0.0" classname="com.qa.tests.LoginTests">
    <ignored/>
  </testcase> <!-- invalidPassword -->
</testsuite> <!-- Redmi 5A -->
